[0m16:57:17.423267 [debug] [MainThread]: Sending event: {'category': 'dbt', 'action': 'invocation', 'label': 'start', 'context': [<snowplow_tracker.self_describing_json.SelfDescribingJson object at 0x000001F2B3BCF140>, <snowplow_tracker.self_describing_json.SelfDescribingJson object at 0x000001F2B3BCF4A0>, <snowplow_tracker.self_describing_json.SelfDescribingJson object at 0x000001F2B42A9730>]}


============================== 16:57:17.427263 | 53d25ac7-8fa7-4b38-ba87-5606cf5b9ff9 ==============================
[0m16:57:17.427263 [info ] [MainThread]: Running with dbt=1.9.3
[0m16:57:17.428631 [debug] [MainThread]: running dbt with arguments {'printer_width': '80', 'indirect_selection': 'eager', 'log_cache_events': 'False', 'write_json': 'True', 'partial_parse': 'True', 'cache_selected_only': 'False', 'profiles_dir': 'F:\\BKU_folder\\242\\DWH&RecSys\\Assignment\\flight_analytics\\scripts\\dbt', 'version_check': 'True', 'debug': 'False', 'log_path': 'logs', 'warn_error': 'None', 'fail_fast': 'False', 'use_colors': 'True', 'use_experimental_parser': 'False', 'no_print': 'None', 'quiet': 'False', 'empty': 'None', 'warn_error_options': 'WarnErrorOptions(include=[], exclude=[])', 'static_parser': 'True', 'introspect': 'True', 'invocation_command': 'dbt init flight_analysis', 'target_path': 'None', 'log_format': 'default', 'send_anonymous_usage_stats': 'True'}
[0m16:57:17.441171 [debug] [MainThread]: Starter project path: E:\kafka-tutorial\.venv\Lib\site-packages\dbt\include\starter_project
[0m16:57:17.459416 [info ] [MainThread]: 
Your new dbt project "flight_analysis" was created!

For more information on how to configure the profiles.yml file,
please consult the dbt documentation here:

  https://docs.getdbt.com/docs/configure-your-profile

One more thing:

Need help? Don't hesitate to reach out to us via GitHub issues or on Slack:

  https://community.getdbt.com/

Happy modeling!

[0m16:57:17.459416 [info ] [MainThread]: Setting up your profile.
[0m16:59:07.236390 [error] [MainThread]: Encountered an error:

[0m16:59:07.238914 [error] [MainThread]: Traceback (most recent call last):
  File "E:\kafka-tutorial\.venv\Lib\site-packages\dbt\cli\requires.py", line 153, in wrapper
    result, success = func(*args, **kwargs)
                      ^^^^^^^^^^^^^^^^^^^^^
  File "E:\kafka-tutorial\.venv\Lib\site-packages\dbt\cli\requires.py", line 103, in wrapper
    return func(*args, **kwargs)
           ^^^^^^^^^^^^^^^^^^^^^
  File "E:\kafka-tutorial\.venv\Lib\site-packages\dbt\cli\main.py", line 477, in init
    results = task.run()
              ^^^^^^^^^^
  File "E:\kafka-tutorial\.venv\Lib\site-packages\dbt\task\init.py", line 346, in run
    self.setup_profile(profile_name)
  File "E:\kafka-tutorial\.venv\Lib\site-packages\dbt\task\init.py", line 262, in setup_profile
    self.create_profile_from_target(adapter, profile_name=profile_name)
  File "E:\kafka-tutorial\.venv\Lib\site-packages\dbt\task\init.py", line 179, in create_profile_from_target
    self.create_profile_from_profile_template(profile_template, profile_name)
  File "E:\kafka-tutorial\.venv\Lib\site-packages\dbt\task\init.py", line 163, in create_profile_from_profile_template
    target = self.generate_target_from_input(prompts, initial_target)
             ^^^^^^^^^^^^^^^^^^^^^^^^^^^^^^^^^^^^^^^^^^^^^^^^^^^^^^^^
  File "E:\kafka-tutorial\.venv\Lib\site-packages\dbt\task\init.py", line 129, in generate_target_from_input
    target[key] = click.prompt(
                  ^^^^^^^^^^^^^
  File "E:\kafka-tutorial\.venv\Lib\site-packages\click\termui.py", line 164, in prompt
    value = prompt_func(prompt)
            ^^^^^^^^^^^^^^^^^^^
  File "E:\kafka-tutorial\.venv\Lib\site-packages\click\termui.py", line 147, in prompt_func
    raise Abort() from None
click.exceptions.Abort

[0m16:59:07.239974 [debug] [MainThread]: Command `dbt init` failed at 16:59:07.239974 after 109.98 seconds
[0m16:59:07.239974 [debug] [MainThread]: Sending event: {'category': 'dbt', 'action': 'invocation', 'label': 'end', 'context': [<snowplow_tracker.self_describing_json.SelfDescribingJson object at 0x000001F2B47F3770>, <snowplow_tracker.self_describing_json.SelfDescribingJson object at 0x000001F2B48EC530>, <snowplow_tracker.self_describing_json.SelfDescribingJson object at 0x000001F2B4753FE0>]}
[0m16:59:07.240974 [debug] [MainThread]: Flushing usage events
[0m16:59:18.188006 [debug] [MainThread]: Sending event: {'category': 'dbt', 'action': 'invocation', 'label': 'start', 'context': [<snowplow_tracker.self_describing_json.SelfDescribingJson object at 0x000001ADEEDF96D0>, <snowplow_tracker.self_describing_json.SelfDescribingJson object at 0x000001ADEE43FE60>, <snowplow_tracker.self_describing_json.SelfDescribingJson object at 0x000001ADEE7DFF50>]}


============================== 16:59:18.192315 | 5b1a6e07-2287-41f1-b1a1-047f5b56ced8 ==============================
[0m16:59:18.192315 [info ] [MainThread]: Running with dbt=1.9.3
[0m16:59:18.193329 [debug] [MainThread]: running dbt with arguments {'printer_width': '80', 'indirect_selection': 'eager', 'write_json': 'True', 'log_cache_events': 'False', 'partial_parse': 'True', 'cache_selected_only': 'False', 'warn_error': 'None', 'version_check': 'True', 'debug': 'False', 'log_path': 'logs', 'fail_fast': 'False', 'profiles_dir': 'F:\\BKU_folder\\242\\DWH&RecSys\\Assignment\\flight_analytics\\scripts\\dbt', 'use_colors': 'True', 'use_experimental_parser': 'False', 'no_print': 'None', 'quiet': 'False', 'empty': 'None', 'warn_error_options': 'WarnErrorOptions(include=[], exclude=[])', 'introspect': 'True', 'log_format': 'default', 'invocation_command': 'dbt init flight_analysis', 'target_path': 'None', 'static_parser': 'True', 'send_anonymous_usage_stats': 'True'}
[0m16:59:18.209540 [debug] [MainThread]: Starter project path: E:\kafka-tutorial\.venv\Lib\site-packages\dbt\include\starter_project
[0m16:59:18.227115 [info ] [MainThread]: 
Your new dbt project "flight_analysis" was created!

For more information on how to configure the profiles.yml file,
please consult the dbt documentation here:

  https://docs.getdbt.com/docs/configure-your-profile

One more thing:

Need help? Don't hesitate to reach out to us via GitHub issues or on Slack:

  https://community.getdbt.com/

Happy modeling!

[0m16:59:18.227115 [info ] [MainThread]: Setting up your profile.
[0m16:59:51.270876 [info ] [MainThread]: Profile flight_analysis written to F:\BKU_folder\242\DWH&RecSys\Assignment\flight_analytics\scripts\dbt\profiles.yml using target's profile_template.yml and your supplied values. Run 'dbt debug' to validate the connection.
[0m16:59:51.271888 [debug] [MainThread]: Command `dbt init` succeeded at 16:59:51.271888 after 33.19 seconds
[0m16:59:51.271888 [debug] [MainThread]: Sending event: {'category': 'dbt', 'action': 'invocation', 'label': 'end', 'context': [<snowplow_tracker.self_describing_json.SelfDescribingJson object at 0x000001ADEEDF96D0>, <snowplow_tracker.self_describing_json.SelfDescribingJson object at 0x000001ADEEFF4500>, <snowplow_tracker.self_describing_json.SelfDescribingJson object at 0x000001ADEEF823C0>]}
[0m16:59:51.271888 [debug] [MainThread]: Flushing usage events
[0m16:59:52.499830 [debug] [MainThread]: An error was encountered while trying to flush usage events
